<?xml version="1.0" encoding="UTF-8"?>
<testng-results skipped="0" failed="0" ignored="0" total="1" passed="1">
  <reporter-output>
  </reporter-output>
  <suite name="Default suite" duration-ms="12125" started-at="2020-02-09T02:26:59Z" finished-at="2020-02-09T02:27:11Z">
    <groups>
    </groups>
    <test name="Default test" duration-ms="12125" started-at="2020-02-09T02:26:59Z" finished-at="2020-02-09T02:27:11Z">
      <class name="test.TwitterLogin_Test">
        <test-method status="PASS" signature="UserWillAbleToLogin()[pri:0, instance:test.TwitterLogin_Test@523884b2]" name="UserWillAbleToLogin" duration-ms="12098" started-at="2020-02-08T20:26:59Z" finished-at="2020-02-08T20:27:11Z">
          <reporter-output>
          </reporter-output>
        </test-method> <!-- UserWillAbleToLogin -->
      </class> <!-- test.TwitterLogin_Test -->
    </test> <!-- Default test -->
  </suite> <!-- Default suite -->
</testng-results>
